# JRE version: OpenJDK Runtime Environment (8.0_152-b01) (build 1.8.0_152-release-1343-b01)
# Java VM: OpenJDK 64-Bit Server VM (25.152-b01 mixed mode windows-amd64 compressed oops)
Heap:
 PSYoungGen      total 166912K, used 83801K [0x00000000e0000000, 0x00000000eed00000, 0x0000000100000000)
  eden space 153088K, 54% used [0x00000000e0000000,0x00000000e51d66d0,0x00000000e9580000)
  from space 13824K, 0% used [0x00000000ea300000,0x00000000ea300000,0x00000000eb080000)
  to   space 13824K, 0% used [0x00000000e9580000,0x00000000e9580000,0x00000000ea300000)
 ParOldGen       total 93184K, used 16291K [0x00000000a0000000, 0x00000000a5b00000, 0x00000000e0000000)
  object space 93184K, 17% used [0x00000000a0000000,0x00000000a0fe8de0,0x00000000a5b00000)
 Metaspace       used 43355K, capacity 44232K, committed 44584K, reserved 1087488K
  class space    used 5842K, capacity 6100K, committed 6184K, reserved 1048576K
GC Heap History (10 events):
Event: 3.955 GC heap before
{Heap before GC invocations=6 (full 1):
 PSYoungGen      total 71680K, used 5113K [0x00000000e0000000, 0x00000000e9900000, 0x0000000100000000)
  eden space 66560K, 0% used [0x00000000e0000000,0x00000000e0000000,0x00000000e4100000)
  from space 5120K, 99% used [0x00000000e4100000,0x00000000e45fe640,0x00000000e4600000)
  to   space 11776K, 0% used [0x00000000e8d80000,0x00000000e8d80000,0x00000000e9900000)
 ParOldGen       total 87552K, used 10652K [0x00000000a0000000, 0x00000000a5580000, 0x00000000e0000000)
  object space 87552K, 12% used [0x00000000a0000000,0x00000000a0a671e0,0x00000000a5580000)
 Metaspace       used 20611K, capacity 21130K, committed 21296K, reserved 1067008K
  class space    used 2895K, capacity 3091K, committed 3200K, reserved 1048576K
Event: 3.999 GC heap after
Heap after GC invocations=6 (full 1):
 PSYoungGen      total 71680K, used 0K [0x00000000e0000000, 0x00000000e9900000, 0x0000000100000000)
  eden space 66560K, 0% used [0x00000000e0000000,0x00000000e0000000,0x00000000e4100000)
  from space 5120K, 0% used [0x00000000e4100000,0x00000000e4100000,0x00000000e4600000)
  to   space 11776K, 0% used [0x00000000e8d80000,0x00000000e8d80000,0x00000000e9900000)
 ParOldGen       total 66048K, used 10540K [0x00000000a0000000, 0x00000000a4080000, 0x00000000e0000000)
  object space 66048K, 15% used [0x00000000a0000000,0x00000000a0a4b188,0x00000000a4080000)
 Metaspace       used 20611K, capacity 21130K, committed 21296K, reserved 1067008K
  class space    used 2895K, capacity 3091K, committed 3200K, reserved 1048576K
}
Event: 5.011 GC heap before
{Heap before GC invocations=7 (full 1):
 PSYoungGen      total 71680K, used 66560K [0x00000000e0000000, 0x00000000e9900000, 0x0000000100000000)
  eden space 66560K, 100% used [0x00000000e0000000,0x00000000e4100000,0x00000000e4100000)
  from space 5120K, 0% used [0x00000000e4100000,0x00000000e4100000,0x00000000e4600000)
  to   space 11776K, 0% used [0x00000000e8d80000,0x00000000e8d80000,0x00000000e9900000)
 ParOldGen       total 66048K, used 10540K [0x00000000a0000000, 0x00000000a4080000, 0x00000000e0000000)
  object space 66048K, 15% used [0x00000000a0000000,0x00000000a0a4b188,0x00000000a4080000)
 Metaspace       used 28707K, capacity 29246K, committed 29440K, reserved 1075200K
  class space    used 3860K, capacity 4038K, committed 4096K, reserved 1048576K
Event: 5.023 GC heap after
Heap after GC invocations=7 (full 1):
 PSYoungGen      total 109568K, used 8010K [0x00000000e0000000, 0x00000000e9580000, 0x0000000100000000)
  eden space 101376K, 0% used [0x00000000e0000000,0x00000000e0000000,0x00000000e6300000)
  from space 8192K, 97% used [0x00000000e8d80000,0x00000000e9552a00,0x00000000e9580000)
  to   space 11264K, 0% used [0x00000000e7f80000,0x00000000e7f80000,0x00000000e8a80000)
 ParOldGen       total 66048K, used 10548K [0x00000000a0000000, 0x00000000a4080000, 0x00000000e0000000)
  object space 66048K, 15% used [0x00000000a0000000,0x00000000a0a4d188,0x00000000a4080000)
 Metaspace       used 28707K, capacity 29246K, committed 29440K, reserved 1075200K
  class space    used 3860K, capacity 4038K, committed 4096K, reserved 1048576K
}
Event: 6.483 GC heap before
{Heap before GC invocations=8 (full 1):
 PSYoungGen      total 109568K, used 109386K [0x00000000e0000000, 0x00000000e9580000, 0x0000000100000000)
  eden space 101376K, 100% used [0x00000000e0000000,0x00000000e6300000,0x00000000e6300000)
  from space 8192K, 97% used [0x00000000e8d80000,0x00000000e9552a00,0x00000000e9580000)
  to   space 11264K, 0% used [0x00000000e7f80000,0x00000000e7f80000,0x00000000e8a80000)
 ParOldGen       total 66048K, used 10548K [0x00000000a0000000, 0x00000000a4080000, 0x00000000e0000000)
  object space 66048K, 15% used [0x00000000a0000000,0x00000000a0a4d188,0x00000000a4080000)
 Metaspace       used 33869K, capacity 34632K, committed 34816K, reserved 1079296K
  class space    used 4668K, capacity 4861K, committed 4864K, reserved 1048576K
Event: 6.497 GC heap after
Heap after GC invocations=8 (full 1):
 PSYoungGen      total 141824K, used 11236K [0x00000000e0000000, 0x00000000eb080000, 0x0000000100000000)
  eden space 130560K, 0% used [0x00000000e0000000,0x00000000e0000000,0x00000000e7f80000)
  from space 11264K, 99% used [0x00000000e7f80000,0x00000000e8a79020,0x00000000e8a80000)
  to   space 13824K, 0% used [0x00000000ea300000,0x00000000ea300000,0x00000000eb080000)
 ParOldGen       total 66048K, used 12134K [0x00000000a0000000, 0x00000000a4080000, 0x00000000e0000000)
  object space 66048K, 18% used [0x00000000a0000000,0x00000000a0bd9ae0,0x00000000a4080000)
 Metaspace       used 33869K, capacity 34632K, committed 34816K, reserved 1079296K
  class space    used 4668K, capacity 4861K, committed 4864K, reserved 1048576K
}
Event: 6.716 GC heap before
{Heap before GC invocations=9 (full 1):
 PSYoungGen      total 141824K, used 23093K [0x00000000e0000000, 0x00000000eb080000, 0x0000000100000000)
  eden space 130560K, 9% used [0x00000000e0000000,0x00000000e0b943f8,0x00000000e7f80000)
  from space 11264K, 99% used [0x00000000e7f80000,0x00000000e8a79020,0x00000000e8a80000)
  to   space 13824K, 0% used [0x00000000ea300000,0x00000000ea300000,0x00000000eb080000)
 ParOldGen       total 66048K, used 12134K [0x00000000a0000000, 0x00000000a4080000, 0x00000000e0000000)
  object space 66048K, 18% used [0x00000000a0000000,0x00000000a0bd9ae0,0x00000000a4080000)
 Metaspace       used 34689K, capacity 35442K, committed 35496K, reserved 1079296K
  class space    used 4783K, capacity 5004K, committed 5032K, reserved 1048576K
Event: 6.727 GC heap after
Heap after GC invocations=9 (full 1):
 PSYoungGen      total 166912K, used 9373K [0x00000000e0000000, 0x00000000eed00000, 0x0000000100000000)
  eden space 153088K, 0% used [0x00000000e0000000,0x00000000e0000000,0x00000000e9580000)
  from space 13824K, 67% used [0x00000000ea300000,0x00000000eac27758,0x00000000eb080000)
  to   space 13824K, 0% used [0x00000000e9580000,0x00000000e9580000,0x00000000ea300000)
 ParOldGen       total 66048K, used 12142K [0x00000000a0000000, 0x00000000a4080000, 0x00000000e0000000)
  object space 66048K, 18% used [0x00000000a0000000,0x00000000a0bdbae0,0x00000000a4080000)
 Metaspace       used 34689K, capacity 35442K, committed 35496K, reserved 1079296K
  class space    used 4783K, capacity 5004K, committed 5032K, reserved 1048576K
}
Event: 6.727 GC heap before
{Heap before GC invocations=10 (full 2):
 PSYoungGen      total 166912K, used 9373K [0x00000000e0000000, 0x00000000eed00000, 0x0000000100000000)
  eden space 153088K, 0% used [0x00000000e0000000,0x00000000e0000000,0x00000000e9580000)
  from space 13824K, 67% used [0x00000000ea300000,0x00000000eac27758,0x00000000eb080000)
  to   space 13824K, 0% used [0x00000000e9580000,0x00000000e9580000,0x00000000ea300000)
 ParOldGen       total 66048K, used 12142K [0x00000000a0000000, 0x00000000a4080000, 0x00000000e0000000)
  object space 66048K, 18% used [0x00000000a0000000,0x00000000a0bdbae0,0x00000000a4080000)
 Metaspace       used 34689K, capacity 35442K, committed 35496K, reserved 1079296K
  class space    used 4783K, capacity 5004K, committed 5032K, reserved 1048576K
Event: 6.783 GC heap after
Heap after GC invocations=10 (full 2):
 PSYoungGen      total 166912K, used 0K [0x00000000e0000000, 0x00000000eed00000, 0x0000000100000000)
  eden space 153088K, 0% used [0x00000000e0000000,0x00000000e0000000,0x00000000e9580000)
  from space 13824K, 0% used [0x00000000ea300000,0x00000000ea300000,0x00000000eb080000)
  to   space 13824K, 0% used [0x00000000e9580000,0x00000000e9580000,0x00000000ea300000)
 ParOldGen       total 93184K, used 16291K [0x00000000a0000000, 0x00000000a5b00000, 0x00000000e0000000)
  object space 93184K, 17% used [0x00000000a0000000,0x00000000a0fe8de0,0x00000000a5b00000)
 Metaspace       used 34658K, capacity 35340K, committed 35496K, reserved 1079296K
  class space    used 4773K, capacity 4987K, committed 5032K, reserved 1048576K
}

